\BOOKMARK [1][-]{section.1}{Definitions}{}% 1
\BOOKMARK [1][-]{section.2}{Objective of capstone}{}% 2
\BOOKMARK [1][-]{section.3}{Rationale of capstone}{}% 3
\BOOKMARK [1][-]{section.4}{Explanation of Dataset \("The APP-350 corpus"\)}{}% 4
\BOOKMARK [1][-]{section.5}{Rationale for utilising the APP-350 corpus}{}% 5
\BOOKMARK [1][-]{section.6}{Methodology}{}% 6
\BOOKMARK [2][-]{subsection.6.1}{Data pre-processing}{section.6}% 7
\BOOKMARK [2][-]{subsection.6.2}{Model training and XAI visualisation}{section.6}% 8
\BOOKMARK [3][-]{subsubsection.6.2.1}{Proposed model training methodology}{subsection.6.2}% 9
\BOOKMARK [3][-]{subsubsection.6.2.2}{Text representation}{subsection.6.2}% 10
\BOOKMARK [3][-]{subsubsection.6.2.3}{Model choice}{subsection.6.2}% 11
\BOOKMARK [3][-]{subsubsection.6.2.4}{XAI packages}{subsection.6.2}% 12
\BOOKMARK [2][-]{subsection.6.3}{Survey to assess interpretability}{section.6}% 13
\BOOKMARK [1][-]{section.7}{Findings so far}{}% 14
\BOOKMARK [2][-]{subsection.7.1}{Exploratory Data Analysis \(EDA\)}{section.7}% 15
\BOOKMARK [3][-]{subsubsection.7.1.1}{Sentence level}{subsection.7.1}% 16
\BOOKMARK [3][-]{subsubsection.7.1.2}{Segment level}{subsection.7.1}% 17
\BOOKMARK [2][-]{subsection.7.2}{Performance of classifiers for top N practices}{section.7}% 18
\BOOKMARK [3][-]{subsubsection.7.2.1}{Sentence level performance - Tf-IDF}{subsection.7.2}% 19
\BOOKMARK [3][-]{subsubsection.7.2.2}{Sentence level performance - Word embeddings}{subsection.7.2}% 20
\BOOKMARK [3][-]{subsubsection.7.2.3}{Segment level performance - Tf-IDF}{subsection.7.2}% 21
\BOOKMARK [3][-]{subsubsection.7.2.4}{Segment level performance - Word embeddings}{subsection.7.2}% 22
\BOOKMARK [2][-]{subsection.7.3}{Performance of individual classifiers for top 5 practices}{section.7}% 23
\BOOKMARK [2][-]{subsection.7.4}{XAI visualisation of models}{section.7}% 24
\BOOKMARK [1][-]{section.8}{Further steps to take in Semester 2}{}% 25
